0 info it worked if it ends with ok
1 verbose cli [ '/usr/local/bin/node', '/usr/local/bin/npm', 'run', 'build:ui' ]
2 info using npm@3.7.3
3 info using node@v5.9.1
4 verbose run-script [ 'prebuild:ui', 'build:ui', 'postbuild:ui' ]
5 info lifecycle template@1.0.0~prebuild:ui: template@1.0.0
6 silly lifecycle template@1.0.0~prebuild:ui: no script for prebuild:ui, continuing
7 info lifecycle template@1.0.0~build:ui: template@1.0.0
8 verbose lifecycle template@1.0.0~build:ui: unsafe-perm in lifecycle true
9 verbose lifecycle template@1.0.0~build:ui: PATH: /usr/local/lib/node_modules/npm/bin/node-gyp-bin:/Users/renemurillo/template/node_modules/.bin:/usr/local/bin:/usr/local/bin:/usr/bin:/bin:/usr/sbin:/sbin
10 verbose lifecycle template@1.0.0~build:ui: CWD: /Users/renemurillo/template
11 silly lifecycle template@1.0.0~build:ui: Args: [ '-c', './node_modules/gulp/bin/gulp.js' ]
12 silly lifecycle template@1.0.0~build:ui: Returned: code: 1  signal: null
13 info lifecycle template@1.0.0~build:ui: Failed to exec build:ui script
14 verbose stack Error: template@1.0.0 build:ui: `./node_modules/gulp/bin/gulp.js`
14 verbose stack Exit status 1
14 verbose stack     at EventEmitter.<anonymous> (/usr/local/lib/node_modules/npm/lib/utils/lifecycle.js:239:16)
14 verbose stack     at emitTwo (events.js:100:13)
14 verbose stack     at EventEmitter.emit (events.js:185:7)
14 verbose stack     at ChildProcess.<anonymous> (/usr/local/lib/node_modules/npm/lib/utils/spawn.js:24:14)
14 verbose stack     at emitTwo (events.js:100:13)
14 verbose stack     at ChildProcess.emit (events.js:185:7)
14 verbose stack     at maybeClose (internal/child_process.js:850:16)
14 verbose stack     at Process.ChildProcess._handle.onexit (internal/child_process.js:215:5)
15 verbose pkgid template@1.0.0
16 verbose cwd /Users/renemurillo/template/src/js
17 error Darwin 15.4.0
18 error argv "/usr/local/bin/node" "/usr/local/bin/npm" "run" "build:ui"
19 error node v5.9.1
20 error npm  v3.7.3
21 error code ELIFECYCLE
22 error template@1.0.0 build:ui: `./node_modules/gulp/bin/gulp.js`
22 error Exit status 1
23 error Failed at the template@1.0.0 build:ui script './node_modules/gulp/bin/gulp.js'.
23 error Make sure you have the latest version of node.js and npm installed.
23 error If you do, this is most likely a problem with the template package,
23 error not with npm itself.
23 error Tell the author that this fails on your system:
23 error     ./node_modules/gulp/bin/gulp.js
23 error You can get information on how to open an issue for this project with:
23 error     npm bugs template
23 error Or if that isn't available, you can get their info via:
23 error     npm owner ls template
23 error There is likely additional logging output above.
24 verbose exit [ 1, true ]
